<?xml version="1.0" encoding="UTF-8"?>
<testng-results skipped="0" failed="0" total="1" passed="1">
  <reporter-output>
  </reporter-output>
  <suite name="Default suite" duration-ms="107920" started-at="2017-03-06T16:00:22Z" finished-at="2017-03-06T16:02:10Z">
    <groups>
    </groups>
    <test name="Default test" duration-ms="107920" started-at="2017-03-06T16:00:22Z" finished-at="2017-03-06T16:02:10Z">
      <class name="automationFramework.TestNG_Framework">
        <test-method status="PASS" signature="beforeMethod()[pri:0, instance:automationFramework.TestNG_Framework@135dd72]" name="beforeMethod" is-config="true" duration-ms="51281" started-at="2017-03-06T21:30:22Z" finished-at="2017-03-06T21:31:14Z">
          <reporter-output>
          </reporter-output>
        </test-method> <!-- beforeMethod -->
        <test-method status="PASS" signature="main()[pri:0, instance:automationFramework.TestNG_Framework@135dd72]" name="main" duration-ms="53925" started-at="2017-03-06T21:31:14Z" finished-at="2017-03-06T21:32:07Z">
          <reporter-output>
          </reporter-output>
        </test-method> <!-- main -->
        <test-method status="PASS" signature="afterMethod()[pri:0, instance:automationFramework.TestNG_Framework@135dd72]" name="afterMethod" is-config="true" duration-ms="2618" started-at="2017-03-06T21:32:07Z" finished-at="2017-03-06T21:32:10Z">
          <reporter-output>
          </reporter-output>
        </test-method> <!-- afterMethod -->
      </class> <!-- automationFramework.TestNG_Framework -->
    </test> <!-- Default test -->
  </suite> <!-- Default suite -->
</testng-results>
